{"ts":1766443185472,"action":"PROJECT_OPENED","tags":{"PROJECT_NAME":"HelperMethodsCdf"}}
{"ts":1766443193951,"action":"FILE_OPENED","file":"/Class1.cs","tags":{"FILE_LINE_OF_CODE":"6"}}
{"ts":1766443196936,"action":"IDE_DEACTIVATED"}
{"ts":1766443228768,"action":"IDE_ACTIVATED"}
{"ts":1766443236989,"action":"FILE_CLOSED","file":"/Class1.cs","tags":{"FILE_LINE_OF_CODE":"6"}}
{"ts":1766443237039,"action":"FILE_OPENED","file":"/HelperClassAnalyzer.cs","tags":{"FILE_LINE_OF_CODE":"60"}}
{"ts":1766443239255,"action":"IDE_DEACTIVATED"}
{"ts":1766443312665,"action":"IDE_ACTIVATED"}
{"ts":1766443317381,"action":"FILE_CLOSED","file":"/HelperClassAnalyzer.cs","tags":{"FILE_LINE_OF_CODE":"60"}}
{"ts":1766443317428,"action":"FILE_OPENED","file":"/HelpMethodCdfProvider.cs","tags":{"FILE_LINE_OF_CODE":"6"}}
{"ts":1766443351414,"action":"IDE_DEACTIVATED"}
{"ts":1766443354564,"action":"IDE_ACTIVATED"}
{"ts":1766443374581,"action":"IDE_DEACTIVATED"}
{"ts":1766443382377,"action":"IDE_ACTIVATED"}
{"ts":1766443383952,"action":"IDE_DEACTIVATED"}
{"ts":1766443447604,"action":"IDE_ACTIVATED"}
{"ts":1766443450898,"action":"IDE_DEACTIVATED"}
{"ts":1766443553509,"action":"IDE_ACTIVATED"}
{"ts":1766443562094,"action":"PROJECT_CLOSED","tags":{"PROJECT_NAME":"HelperMethodsCdf"}}
{"ts":1766443585910,"action":"FILE_OPENED","file":"/HelpMethodCdfProvider.cs","tags":{"FILE_LINE_OF_CODE":"6"}}
{"ts":1766443585983,"action":"PROJECT_OPENED","tags":{"PROJECT_NAME":"HelperMethodsCdf"}}
{"ts":1766443613622,"action":"IDE_DEACTIVATED"}
{"ts":1766443635351,"action":"IDE_ACTIVATED"}
{"ts":1766443664475,"action":"FILE_CLOSED","file":"/HelpMethodCdfProvider.cs","tags":{"FILE_LINE_OF_CODE":"6"}}
{"ts":1766443664475,"action":"FILE_OPENED","file":"/HelperClassAnalyzer.cs","tags":{"FILE_LINE_OF_CODE":"60"}}
{"ts":1766443671139,"action":"FILE_CLOSED","file":"/HelperClassAnalyzer.cs","tags":{"FILE_LINE_OF_CODE":"60"}}
{"ts":1766443671139,"action":"FILE_OPENED","file":"/Class1.cs","tags":{"FILE_LINE_OF_CODE":"6"}}
{"ts":1766443674486,"action":"FILE_OPENED","file":"/HelperClassAnalyzer.cs","tags":{"FILE_LINE_OF_CODE":"60"}}
{"ts":1766443679315,"action":"IDE_DEACTIVATED"}
{"ts":1766443720551,"action":"IDE_ACTIVATED"}
{"ts":1766443786643,"action":"PROJECT_CLOSED","tags":{"PROJECT_NAME":"HelperMethodsCdf"}}
{"ts":1766443809326,"action":"FILE_OPENED","file":"/HelperClassAnalyzer.cs","tags":{"FILE_LINE_OF_CODE":"60"}}
{"ts":1766443809498,"action":"PROJECT_OPENED","tags":{"PROJECT_NAME":"HelperMethodsCdf"}}
{"ts":1766443838115,"action":"IDE_DEACTIVATED"}
{"ts":1766443909296,"action":"IDE_ACTIVATED"}
{"ts":1766443914643,"action":"IDE_DEACTIVATED"}
{"ts":1766443916166,"action":"IDE_ACTIVATED"}
{"ts":1766443922222,"action":"IDE_DEACTIVATED"}
{"ts":1766443923373,"action":"IDE_ACTIVATED"}
{"ts":1766443939458,"action":"IDE_DEACTIVATED"}
{"ts":1766443956444,"action":"IDE_ACTIVATED"}
{"ts":1766443965565,"action":"FILE_CLOSED","file":"/HelperClassAnalyzer.cs","tags":{"FILE_LINE_OF_CODE":"60"}}
{"ts":1766443965670,"action":"FILE_OPENED","file":"/HelperMethodsCdf.csproj","tags":{"FILE_LINE_OF_CODE":"12"}}
{"ts":1766443985581,"action":"FILE_CLOSED","file":"/HelperMethodsCdf.csproj","tags":{"FILE_LINE_OF_CODE":"12"}}
{"ts":1766443985594,"action":"FILE_OPENED","file":"/HelperMethodsCdf.sln","tags":{"FILE_LINE_OF_CODE":"17"}}
{"ts":1766444010862,"action":"FILE_CLOSED","file":"/HelperMethodsCdf.sln","tags":{"FILE_LINE_OF_CODE":"17"}}
{"ts":1766444010862,"action":"FILE_OPENED","file":"/HelperMethodsCdf.csproj","tags":{"FILE_LINE_OF_CODE":"12"}}
{"ts":1766444127434,"action":"IDE_DEACTIVATED"}
{"ts":1766444150835,"action":"IDE_ACTIVATED"}
{"ts":1766444153175,"action":"IDE_DEACTIVATED"}
{"ts":1766444155156,"action":"IDE_ACTIVATED"}
{"ts":1766444275819,"action":"PROJECT_CLOSED","tags":{"PROJECT_NAME":"HelperMethodsCdf"}}
{"ts":1766444283095,"action":"FILE_OPENED","file":"/HelperMethodsCdf.csproj","tags":{"FILE_LINE_OF_CODE":"12"}}
{"ts":1766444283122,"action":"PROJECT_OPENED","tags":{"PROJECT_NAME":"HelperMethodsCdf"}}
{"ts":1766444293550,"action":"FILE_CLOSED","file":"/HelperMethodsCdf.csproj","tags":{"FILE_LINE_OF_CODE":"12"}}
{"ts":1766444293550,"action":"FILE_OPENED","file":"/HelperClassAnalyzer.cs","tags":{"FILE_LINE_OF_CODE":"60"}}
{"ts":1766444301746,"action":"IDE_DEACTIVATED"}
{"ts":1766444323110,"action":"IDE_ACTIVATED"}
{"ts":1766444431899,"action":"IDE_DEACTIVATED"}
{"ts":1766444451574,"action":"IDE_ACTIVATED"}
{"ts":1766444620337,"action":"IDE_DEACTIVATED"}
{"ts":1766444623634,"action":"IDE_ACTIVATED"}
{"ts":1766444667953,"action":"PROJECT_CLOSED","tags":{"PROJECT_NAME":"HelperMethodsCdf"}}
