{"ts":1765722296080,"action":"PROJECT_OPENED","tags":{"PROJECT_NAME":"ClassLibrary1"}}
{"ts":1765722302582,"action":"IDE_DEACTIVATED"}
{"ts":1765722304767,"action":"IDE_ACTIVATED"}
{"ts":1765722315035,"action":"FILE_OPENED","file":"/Class1.cs","tags":{"FILE_LINE_OF_CODE":"6"}}
{"ts":1765722328261,"action":"FILE_CLOSED","file":"/Class1.cs","tags":{"FILE_LINE_OF_CODE":"6"}}
{"ts":1765722328460,"action":"FILE_OPENED","file":"/Armstrong.cs","tags":{"FILE_LINE_OF_CODE":"5"}}
{"ts":1765722333952,"action":"IDE_DEACTIVATED"}
{"ts":1765722344452,"action":"IDE_ACTIVATED"}
{"ts":1765722351720,"action":"IDE_DEACTIVATED"}
{"ts":1765722354508,"action":"IDE_ACTIVATED"}
{"ts":1765722361059,"action":"IDE_DEACTIVATED"}
{"ts":1765722363877,"action":"IDE_ACTIVATED"}
{"ts":1765722372638,"action":"IDE_DEACTIVATED"}
{"ts":1765722377121,"action":"IDE_ACTIVATED"}
{"ts":1765722388570,"action":"IDE_DEACTIVATED"}
{"ts":1765722391627,"action":"IDE_ACTIVATED"}
{"ts":1765722406112,"action":"IDE_DEACTIVATED"}
{"ts":1765722427018,"action":"IDE_ACTIVATED"}
{"ts":1765722435405,"action":"IDE_DEACTIVATED"}
{"ts":1765722455568,"action":"IDE_ACTIVATED"}
{"ts":1765722460109,"action":"IDE_DEACTIVATED"}
{"ts":1765722462152,"action":"IDE_ACTIVATED"}
{"ts":1765722463350,"action":"IDE_DEACTIVATED"}
{"ts":1765722841086,"action":"IDE_ACTIVATED"}
{"ts":1765722892865,"action":"IDE_DEACTIVATED"}
{"ts":1765781175124,"action":"IDE_ACTIVATED"}
{"ts":1765781196646,"action":"IDE_DEACTIVATED"}
{"ts":1765781306050,"action":"IDE_ACTIVATED"}
{"ts":1765781327559,"action":"IDE_DEACTIVATED"}
{"ts":1765781356246,"action":"IDE_ACTIVATED"}
{"ts":1765781359302,"action":"IDE_DEACTIVATED"}
{"ts":1765781628320,"action":"IDE_ACTIVATED"}
{"ts":1765782019429,"action":"IDE_DEACTIVATED"}
{"ts":1765782222934,"action":"IDE_ACTIVATED"}
{"ts":1765782241507,"action":"IDE_DEACTIVATED"}
{"ts":1765782256435,"action":"IDE_ACTIVATED"}
{"ts":1765782378710,"action":"IDE_DEACTIVATED"}
{"ts":1765782379457,"action":"IDE_ACTIVATED"}
{"ts":1765782384575,"action":"IDE_DEACTIVATED"}
{"ts":1765782385470,"action":"IDE_ACTIVATED"}
{"ts":1765782443572,"action":"IDE_DEACTIVATED"}
{"ts":1765782447642,"action":"IDE_ACTIVATED"}
{"ts":1765782530322,"action":"IDE_DEACTIVATED"}
{"ts":1765782583479,"action":"IDE_ACTIVATED"}
{"ts":1765782835789,"action":"IDE_DEACTIVATED"}
{"ts":1765782846231,"action":"IDE_ACTIVATED"}
{"ts":1765782847472,"action":"IDE_DEACTIVATED"}
{"ts":1765782960010,"action":"IDE_ACTIVATED"}
{"ts":1765783465604,"action":"IDE_DEACTIVATED"}
{"ts":1765783627824,"action":"IDE_ACTIVATED"}
{"ts":1765783633463,"action":"IDE_DEACTIVATED"}
{"ts":1765783759117,"action":"IDE_ACTIVATED"}
{"ts":1765783782644,"action":"IDE_DEACTIVATED"}
{"ts":1765783892508,"action":"IDE_ACTIVATED"}
{"ts":1765783899737,"action":"IDE_DEACTIVATED"}
{"ts":1765783926874,"action":"IDE_ACTIVATED"}
{"ts":1765783951986,"action":"IDE_DEACTIVATED"}
{"ts":1765784115059,"action":"IDE_ACTIVATED"}
{"ts":1765784150742,"action":"IDE_DEACTIVATED"}
{"ts":1765784155492,"action":"IDE_ACTIVATED"}
{"ts":1765784722922,"action":"IDE_DEACTIVATED"}
{"ts":1765784787867,"action":"IDE_ACTIVATED"}
{"ts":1765784799324,"action":"IDE_DEACTIVATED"}
{"ts":1765785023236,"action":"IDE_ACTIVATED"}
{"ts":1765786790766,"action":"IDE_DEACTIVATED"}
{"ts":1765786792224,"action":"IDE_ACTIVATED"}
{"ts":1765788079077,"action":"IDE_DEACTIVATED"}
{"ts":1765788212423,"action":"IDE_ACTIVATED"}
{"ts":1765788223706,"action":"IDE_DEACTIVATED"}
{"ts":1765788275585,"action":"IDE_ACTIVATED"}
{"ts":1765788467436,"action":"IDE_DEACTIVATED"}
{"ts":1765788532890,"action":"IDE_ACTIVATED"}
{"ts":1765788540822,"action":"IDE_DEACTIVATED"}
{"ts":1765788789638,"action":"IDE_ACTIVATED"}
{"ts":1765788905485,"action":"IDE_DEACTIVATED"}
{"ts":1765788980269,"action":"IDE_ACTIVATED"}
{"ts":1765789599229,"action":"IDE_DEACTIVATED"}
{"ts":1765789601614,"action":"IDE_ACTIVATED"}
{"ts":1765789810163,"action":"IDE_DEACTIVATED"}
{"ts":1765790232676,"action":"IDE_ACTIVATED"}
{"ts":1765790457908,"action":"IDE_DEACTIVATED"}
{"ts":1765790465676,"action":"IDE_ACTIVATED"}
{"ts":1765790749223,"action":"IDE_DEACTIVATED"}
{"ts":1765790807982,"action":"IDE_ACTIVATED"}
{"ts":1765790809051,"action":"IDE_DEACTIVATED"}
{"ts":1765790811515,"action":"IDE_ACTIVATED"}
{"ts":1765791105930,"action":"IDE_DEACTIVATED"}
{"ts":1765791698217,"action":"IDE_ACTIVATED"}
{"ts":1765791884714,"action":"IDE_DEACTIVATED"}
{"ts":1765791934831,"action":"IDE_ACTIVATED"}
{"ts":1765791939496,"action":"IDE_DEACTIVATED"}
{"ts":1765792051344,"action":"IDE_ACTIVATED"}
{"ts":1765792416580,"action":"IDE_DEACTIVATED"}
{"ts":1765792545147,"action":"IDE_ACTIVATED"}
{"ts":1765792711380,"action":"IDE_DEACTIVATED"}
{"ts":1765792758605,"action":"IDE_ACTIVATED"}
{"ts":1765793421027,"action":"IDE_DEACTIVATED"}
{"ts":1765793424264,"action":"IDE_ACTIVATED"}
{"ts":1765793426983,"action":"IDE_DEACTIVATED"}
{"ts":1765793428988,"action":"IDE_ACTIVATED"}
{"ts":1765793462565,"action":"IDE_DEACTIVATED"}
{"ts":1765793519104,"action":"IDE_ACTIVATED"}
{"ts":1765793524197,"action":"IDE_DEACTIVATED"}
{"ts":1765794044621,"action":"IDE_ACTIVATED"}
{"ts":1765794204612,"action":"IDE_DEACTIVATED"}
{"ts":1765794227585,"action":"IDE_ACTIVATED"}
{"ts":1765794259850,"action":"IDE_DEACTIVATED"}
{"ts":1765794724163,"action":"IDE_ACTIVATED"}
{"ts":1765794757372,"action":"IDE_DEACTIVATED"}
{"ts":1765794907611,"action":"IDE_ACTIVATED"}
{"ts":1765795083354,"action":"IDE_DEACTIVATED"}
{"ts":1765795096698,"action":"IDE_ACTIVATED"}
{"ts":1765795633163,"action":"IDE_DEACTIVATED"}
{"ts":1765795652123,"action":"IDE_ACTIVATED"}
{"ts":1765795677171,"action":"IDE_DEACTIVATED"}
{"ts":1765795679235,"action":"IDE_ACTIVATED"}
{"ts":1765795731298,"action":"IDE_DEACTIVATED"}
{"ts":1765795817893,"action":"IDE_ACTIVATED"}
{"ts":1765796024568,"action":"IDE_DEACTIVATED"}
{"ts":1765796026203,"action":"IDE_ACTIVATED"}
{"ts":1765796182115,"action":"IDE_DEACTIVATED"}
{"ts":1765801547739,"action":"IDE_ACTIVATED"}
{"ts":1765801566109,"action":"IDE_DEACTIVATED"}
{"ts":1765801572217,"action":"IDE_ACTIVATED"}
{"ts":1765801575016,"action":"IDE_DEACTIVATED"}
{"ts":1765803410087,"action":"IDE_ACTIVATED"}
{"ts":1765803411290,"action":"IDE_DEACTIVATED"}
{"ts":1765806541847,"action":"IDE_ACTIVATED"}
{"ts":1765806569301,"action":"FILE_CLOSED","file":"/Armstrong.cs","tags":{"FILE_LINE_OF_CODE":"1589"}}
{"ts":1765806569301,"action":"FILE_OPENED","file":"/Class1.cs","tags":{"FILE_LINE_OF_CODE":"6"}}
{"ts":1765806569556,"action":"FILE_CLOSED","file":"/Class1.cs","tags":{"FILE_LINE_OF_CODE":"6"}}
{"ts":1765806574882,"action":"FILE_OPENED","file":"/Armstrong.cs","tags":{"FILE_LINE_OF_CODE":"1589"}}
{"ts":1765806996909,"action":"IDE_DEACTIVATED"}
{"ts":1765807245184,"action":"IDE_ACTIVATED"}
{"ts":1765807249496,"action":"IDE_DEACTIVATED"}
{"ts":1765807251205,"action":"IDE_ACTIVATED"}
{"ts":1765807294205,"action":"IDE_DEACTIVATED"}
{"ts":1765807313478,"action":"IDE_ACTIVATED"}
{"ts":1765807319610,"action":"IDE_DEACTIVATED"}
{"ts":1765808681961,"action":"IDE_ACTIVATED"}
{"ts":1765808689463,"action":"IDE_DEACTIVATED"}
{"ts":1765808699084,"action":"IDE_ACTIVATED"}
{"ts":1765808826840,"action":"IDE_DEACTIVATED"}
{"ts":1765809041319,"action":"IDE_ACTIVATED"}
{"ts":1765809164533,"action":"IDE_DEACTIVATED"}
{"ts":1765809301573,"action":"IDE_ACTIVATED"}
{"ts":1765809555816,"action":"IDE_DEACTIVATED"}
{"ts":1765809659719,"action":"IDE_ACTIVATED"}
{"ts":1765809828781,"action":"IDE_DEACTIVATED"}
{"ts":1765809835051,"action":"IDE_ACTIVATED"}
{"ts":1765810128835,"action":"IDE_DEACTIVATED"}
{"ts":1765810171915,"action":"IDE_ACTIVATED"}
{"ts":1765810607827,"action":"IDE_DEACTIVATED"}
{"ts":1765810608030,"action":"IDE_ACTIVATED"}
{"ts":1765811367384,"action":"IDE_DEACTIVATED"}
{"ts":1765866700374,"action":"IDE_ACTIVATED"}
{"ts":1765866709719,"action":"IDE_DEACTIVATED"}
{"ts":1765869174026,"action":"IDE_ACTIVATED"}
{"ts":1765869175335,"action":"IDE_DEACTIVATED"}
{"ts":1765879122485,"action":"IDE_ACTIVATED"}
{"ts":1765879165487,"action":"IDE_DEACTIVATED"}
{"ts":1765879225022,"action":"IDE_ACTIVATED"}
{"ts":1765879375988,"action":"IDE_DEACTIVATED"}
{"ts":1765879440423,"action":"IDE_ACTIVATED"}
{"ts":1765879446780,"action":"IDE_DEACTIVATED"}
{"ts":1765879477991,"action":"IDE_ACTIVATED"}
{"ts":1765880559364,"action":"IDE_DEACTIVATED"}
{"ts":1765880564131,"action":"IDE_ACTIVATED"}
{"ts":1765881751816,"action":"IDE_DEACTIVATED"}
{"ts":1765881791338,"action":"IDE_ACTIVATED"}
{"ts":1765881792298,"action":"IDE_DEACTIVATED"}
{"ts":1765882532395,"action":"IDE_ACTIVATED"}
{"ts":1765882568008,"action":"IDE_DEACTIVATED"}
{"ts":1765882699087,"action":"IDE_ACTIVATED"}
{"ts":1765882756862,"action":"IDE_DEACTIVATED"}
{"ts":1765883073075,"action":"IDE_ACTIVATED"}
{"ts":1765883086609,"action":"IDE_DEACTIVATED"}
{"ts":1765883272753,"action":"IDE_ACTIVATED"}
{"ts":1765883664298,"action":"IDE_DEACTIVATED"}
{"ts":1765883666619,"action":"IDE_ACTIVATED"}
{"ts":1765883703662,"action":"IDE_DEACTIVATED"}
{"ts":1765883900119,"action":"IDE_ACTIVATED"}
{"ts":1765883941244,"action":"IDE_DEACTIVATED"}
{"ts":1765884091545,"action":"IDE_ACTIVATED"}
{"ts":1765884180073,"action":"IDE_DEACTIVATED"}
{"ts":1765884198885,"action":"IDE_ACTIVATED"}
{"ts":1765884226969,"action":"IDE_DEACTIVATED"}
{"ts":1765884397629,"action":"IDE_ACTIVATED"}
{"ts":1765884607163,"action":"IDE_DEACTIVATED"}
{"ts":1765884614280,"action":"IDE_ACTIVATED"}
{"ts":1765884847262,"action":"IDE_DEACTIVATED"}
{"ts":1765884867264,"action":"IDE_ACTIVATED"}
{"ts":1765884876796,"action":"IDE_DEACTIVATED"}
{"ts":1765884909023,"action":"IDE_ACTIVATED"}
{"ts":1765886255614,"action":"IDE_DEACTIVATED"}
{"ts":1765886821961,"action":"IDE_ACTIVATED"}
{"ts":1765887773005,"action":"IDE_DEACTIVATED"}
{"ts":1765887832337,"action":"IDE_ACTIVATED"}
{"ts":1765888328002,"action":"IDE_DEACTIVATED"}
{"ts":1765888341273,"action":"IDE_ACTIVATED"}
{"ts":1765888347566,"action":"IDE_DEACTIVATED"}
{"ts":1765888514477,"action":"IDE_ACTIVATED"}
{"ts":1765888543652,"action":"IDE_DEACTIVATED"}
{"ts":1765888546695,"action":"IDE_ACTIVATED"}
{"ts":1765888621312,"action":"IDE_DEACTIVATED"}
{"ts":1765889176769,"action":"IDE_ACTIVATED"}
{"ts":1765889218374,"action":"IDE_DEACTIVATED"}
{"ts":1765889241728,"action":"IDE_ACTIVATED"}
{"ts":1765889272200,"action":"IDE_DEACTIVATED"}
{"ts":1765889284916,"action":"IDE_ACTIVATED"}
{"ts":1765889359290,"action":"IDE_DEACTIVATED"}
{"ts":1765889412451,"action":"IDE_ACTIVATED"}
{"ts":1765889466840,"action":"IDE_DEACTIVATED"}
{"ts":1765889513610,"action":"IDE_ACTIVATED"}
{"ts":1765889554782,"action":"IDE_DEACTIVATED"}
{"ts":1765889584772,"action":"IDE_ACTIVATED"}
{"ts":1765889640690,"action":"IDE_DEACTIVATED"}
{"ts":1765889666709,"action":"IDE_ACTIVATED"}
{"ts":1765891434155,"action":"IDE_DEACTIVATED"}
{"ts":1765891445665,"action":"IDE_ACTIVATED"}
{"ts":1765891451427,"action":"IDE_DEACTIVATED"}
{"ts":1765891452762,"action":"IDE_ACTIVATED"}
{"ts":1765891453698,"action":"IDE_DEACTIVATED"}
{"ts":1765920537303,"action":"PROJECT_CLOSED","tags":{"PROJECT_NAME":"ClassLibrary1"}}
{"ts":1766209276407,"action":"FILE_OPENED","file":"/Armstrong.cs","tags":{"FILE_LINE_OF_CODE":"1590"}}
{"ts":1766209278006,"action":"PROJECT_OPENED","tags":{"PROJECT_NAME":"ClassLibrary1"}}
{"ts":1766209298745,"action":"IDE_ACTIVATED"}
{"ts":1766209431939,"action":"IDE_DEACTIVATED"}
{"ts":1766210732767,"action":"IDE_ACTIVATED"}
{"ts":1766210979023,"action":"IDE_DEACTIVATED"}
{"ts":1766211143599,"action":"IDE_ACTIVATED"}
{"ts":1766211196419,"action":"IDE_DEACTIVATED"}
{"ts":1766211211292,"action":"IDE_ACTIVATED"}
{"ts":1766211224771,"action":"IDE_DEACTIVATED"}
{"ts":1766211231509,"action":"IDE_ACTIVATED"}
{"ts":1766211434199,"action":"IDE_DEACTIVATED"}
{"ts":1766212318356,"action":"IDE_ACTIVATED"}
{"ts":1766212440409,"action":"IDE_DEACTIVATED"}
{"ts":1766212481463,"action":"IDE_ACTIVATED"}
{"ts":1766212725663,"action":"IDE_DEACTIVATED"}
{"ts":1766212740278,"action":"IDE_ACTIVATED"}
{"ts":1766212757410,"action":"IDE_DEACTIVATED"}
{"ts":1766212759796,"action":"IDE_ACTIVATED"}
{"ts":1766212761221,"action":"IDE_DEACTIVATED"}
{"ts":1766212876667,"action":"IDE_ACTIVATED"}
{"ts":1766212910337,"action":"IDE_DEACTIVATED"}
{"ts":1766212936298,"action":"IDE_ACTIVATED"}
{"ts":1766213050116,"action":"IDE_DEACTIVATED"}
{"ts":1766213075315,"action":"IDE_ACTIVATED"}
{"ts":1766213094936,"action":"IDE_DEACTIVATED"}
{"ts":1766213199288,"action":"IDE_ACTIVATED"}
{"ts":1766213298084,"action":"IDE_DEACTIVATED"}
{"ts":1766213359019,"action":"IDE_ACTIVATED"}
{"ts":1766213433153,"action":"IDE_DEACTIVATED"}
{"ts":1766213489409,"action":"IDE_ACTIVATED"}
{"ts":1766213575792,"action":"IDE_DEACTIVATED"}
{"ts":1766213613160,"action":"IDE_ACTIVATED"}
{"ts":1766213631937,"action":"IDE_DEACTIVATED"}
{"ts":1766213757804,"action":"IDE_ACTIVATED"}
{"ts":1766213857640,"action":"IDE_DEACTIVATED"}
{"ts":1766213895929,"action":"IDE_ACTIVATED"}
{"ts":1766213944062,"action":"IDE_DEACTIVATED"}
{"ts":1766213957277,"action":"IDE_ACTIVATED"}
{"ts":1766213963744,"action":"IDE_DEACTIVATED"}
{"ts":1766214498491,"action":"IDE_ACTIVATED"}
{"ts":1766214533930,"action":"IDE_DEACTIVATED"}
{"ts":1766214589060,"action":"IDE_ACTIVATED"}
{"ts":1766214623238,"action":"IDE_DEACTIVATED"}
{"ts":1766214636151,"action":"IDE_ACTIVATED"}
{"ts":1766214758481,"action":"IDE_DEACTIVATED"}
{"ts":1766214980077,"action":"IDE_ACTIVATED"}
{"ts":1766215005250,"action":"IDE_DEACTIVATED"}
{"ts":1766215025061,"action":"IDE_ACTIVATED"}
{"ts":1766215060824,"action":"IDE_DEACTIVATED"}
{"ts":1766215066560,"action":"IDE_ACTIVATED"}
{"ts":1766215070948,"action":"IDE_DEACTIVATED"}
{"ts":1766215097273,"action":"IDE_ACTIVATED"}
{"ts":1766215124710,"action":"IDE_DEACTIVATED"}
{"ts":1766215157350,"action":"IDE_ACTIVATED"}
{"ts":1766215180481,"action":"IDE_DEACTIVATED"}
{"ts":1766215262844,"action":"IDE_ACTIVATED"}
{"ts":1766215380728,"action":"IDE_DEACTIVATED"}
{"ts":1766221143310,"action":"IDE_ACTIVATED"}
{"ts":1766221163739,"action":"IDE_DEACTIVATED"}
{"ts":1766221176082,"action":"IDE_ACTIVATED"}
{"ts":1766221177853,"action":"IDE_DEACTIVATED"}
{"ts":1766221193172,"action":"IDE_ACTIVATED"}
{"ts":1766221232267,"action":"IDE_DEACTIVATED"}
{"ts":1766221304105,"action":"IDE_ACTIVATED"}
{"ts":1766221417783,"action":"IDE_DEACTIVATED"}
{"ts":1766221441328,"action":"IDE_ACTIVATED"}
{"ts":1766221448901,"action":"IDE_DEACTIVATED"}
{"ts":1766221515602,"action":"IDE_ACTIVATED"}
{"ts":1766221534441,"action":"IDE_DEACTIVATED"}
{"ts":1766221560704,"action":"IDE_ACTIVATED"}
{"ts":1766221584908,"action":"IDE_DEACTIVATED"}
{"ts":1766221632240,"action":"IDE_ACTIVATED"}
{"ts":1766221656736,"action":"IDE_DEACTIVATED"}
{"ts":1766221680099,"action":"IDE_ACTIVATED"}
{"ts":1766221908621,"action":"IDE_DEACTIVATED"}
{"ts":1766222222752,"action":"IDE_ACTIVATED"}
{"ts":1766222241941,"action":"IDE_DEACTIVATED"}
{"ts":1766222418951,"action":"IDE_ACTIVATED"}
{"ts":1766222454792,"action":"IDE_DEACTIVATED"}
{"ts":1766222457997,"action":"IDE_ACTIVATED"}
{"ts":1766222522409,"action":"IDE_DEACTIVATED"}
{"ts":1766222690537,"action":"IDE_ACTIVATED"}
{"ts":1766222698288,"action":"IDE_DEACTIVATED"}
{"ts":1766222916071,"action":"IDE_ACTIVATED"}
{"ts":1766223109315,"action":"IDE_DEACTIVATED"}
{"ts":1766223159152,"action":"IDE_ACTIVATED"}
{"ts":1766223165792,"action":"IDE_DEACTIVATED"}
{"ts":1766223171857,"action":"IDE_ACTIVATED"}
{"ts":1766223173235,"action":"IDE_DEACTIVATED"}
{"ts":1766223224811,"action":"IDE_ACTIVATED"}
{"ts":1766223230796,"action":"IDE_DEACTIVATED"}
{"ts":1766223518891,"action":"IDE_ACTIVATED"}
{"ts":1766223527832,"action":"IDE_DEACTIVATED"}
{"ts":1766223595027,"action":"IDE_ACTIVATED"}
{"ts":1766223687616,"action":"IDE_DEACTIVATED"}
{"ts":1766223695418,"action":"IDE_ACTIVATED"}
{"ts":1766223698851,"action":"IDE_DEACTIVATED"}
{"ts":1766223773649,"action":"IDE_ACTIVATED"}
{"ts":1766223801454,"action":"IDE_DEACTIVATED"}
{"ts":1766223836609,"action":"IDE_ACTIVATED"}
{"ts":1766223951865,"action":"IDE_DEACTIVATED"}
{"ts":1766224171266,"action":"IDE_ACTIVATED"}
{"ts":1766224185438,"action":"IDE_DEACTIVATED"}
{"ts":1766224813823,"action":"IDE_ACTIVATED"}
{"ts":1766224843221,"action":"IDE_DEACTIVATED"}
{"ts":1766225044883,"action":"IDE_ACTIVATED"}
{"ts":1766225059610,"action":"IDE_DEACTIVATED"}
{"ts":1766225108136,"action":"IDE_ACTIVATED"}
{"ts":1766225127067,"action":"IDE_DEACTIVATED"}
{"ts":1766225345716,"action":"IDE_ACTIVATED"}
{"ts":1766225346951,"action":"IDE_DEACTIVATED"}
{"ts":1766225439408,"action":"IDE_ACTIVATED"}
{"ts":1766225452172,"action":"IDE_DEACTIVATED"}
{"ts":1766225608951,"action":"IDE_ACTIVATED"}
{"ts":1766225639670,"action":"IDE_DEACTIVATED"}
{"ts":1766226420954,"action":"IDE_ACTIVATED"}
{"ts":1766226488228,"action":"IDE_DEACTIVATED"}
{"ts":1766227012863,"action":"IDE_ACTIVATED"}
{"ts":1766227059247,"action":"IDE_DEACTIVATED"}
{"ts":1766227103728,"action":"IDE_ACTIVATED"}
{"ts":1766227110388,"action":"IDE_DEACTIVATED"}
{"ts":1766227371298,"action":"IDE_ACTIVATED"}
{"ts":1766227372921,"action":"IDE_DEACTIVATED"}
{"ts":1766227413925,"action":"IDE_ACTIVATED"}
{"ts":1766227414313,"action":"IDE_DEACTIVATED"}
{"ts":1766227590306,"action":"IDE_ACTIVATED"}
{"ts":1766227651527,"action":"IDE_DEACTIVATED"}
{"ts":1766227659170,"action":"IDE_ACTIVATED"}
{"ts":1766227665626,"action":"IDE_DEACTIVATED"}
{"ts":1766227667956,"action":"IDE_ACTIVATED"}
{"ts":1766227669264,"action":"IDE_DEACTIVATED"}
{"ts":1766227765917,"action":"IDE_ACTIVATED"}
{"ts":1766227825282,"action":"IDE_DEACTIVATED"}
{"ts":1766227830286,"action":"IDE_ACTIVATED"}
{"ts":1766227839023,"action":"IDE_DEACTIVATED"}
{"ts":1766228123016,"action":"IDE_ACTIVATED"}
{"ts":1766228123610,"action":"IDE_DEACTIVATED"}
{"ts":1766228124346,"action":"IDE_ACTIVATED"}
{"ts":1766228191516,"action":"FILE_CLOSED","file":"/Armstrong.cs","tags":{"FILE_LINE_OF_CODE":"1591"}}
{"ts":1766228193539,"action":"FILE_OPENED","file":"/Armstrong.cs","tags":{"FILE_LINE_OF_CODE":"1591"}}
{"ts":1766228639281,"action":"IDE_DEACTIVATED"}
{"ts":1766228861023,"action":"IDE_ACTIVATED"}
{"ts":1766228992194,"action":"IDE_DEACTIVATED"}
{"ts":1766229036342,"action":"IDE_ACTIVATED"}
{"ts":1766229038977,"action":"IDE_DEACTIVATED"}
{"ts":1766229047823,"action":"IDE_ACTIVATED"}
{"ts":1766229059000,"action":"IDE_DEACTIVATED"}
{"ts":1766229091773,"action":"IDE_ACTIVATED"}
{"ts":1766229096378,"action":"IDE_DEACTIVATED"}
{"ts":1766229104683,"action":"IDE_ACTIVATED"}
{"ts":1766229121350,"action":"IDE_DEACTIVATED"}
{"ts":1766229148840,"action":"IDE_ACTIVATED"}
{"ts":1766229180938,"action":"IDE_DEACTIVATED"}
{"ts":1766229314880,"action":"IDE_ACTIVATED"}
{"ts":1766229331323,"action":"IDE_DEACTIVATED"}
{"ts":1766229405339,"action":"IDE_ACTIVATED"}
{"ts":1766229406721,"action":"IDE_DEACTIVATED"}
{"ts":1766229508925,"action":"IDE_ACTIVATED"}
{"ts":1766229526929,"action":"IDE_DEACTIVATED"}
{"ts":1766229554324,"action":"IDE_ACTIVATED"}
{"ts":1766229571218,"action":"IDE_DEACTIVATED"}
{"ts":1766229692120,"action":"IDE_ACTIVATED"}
{"ts":1766229697113,"action":"IDE_DEACTIVATED"}
{"ts":1766229713544,"action":"IDE_ACTIVATED"}
{"ts":1766229717085,"action":"IDE_DEACTIVATED"}
{"ts":1766229732431,"action":"IDE_ACTIVATED"}
{"ts":1766229733464,"action":"IDE_DEACTIVATED"}
{"ts":1766229761935,"action":"IDE_ACTIVATED"}
{"ts":1766229857120,"action":"IDE_DEACTIVATED"}
{"ts":1766230744979,"action":"IDE_ACTIVATED"}
{"ts":1766230745747,"action":"IDE_DEACTIVATED"}
{"ts":1766230764651,"action":"IDE_ACTIVATED"}
{"ts":1766231035341,"action":"IDE_DEACTIVATED"}
{"ts":1766231092727,"action":"IDE_ACTIVATED"}
{"ts":1766231096261,"action":"IDE_DEACTIVATED"}
{"ts":1766231156242,"action":"IDE_ACTIVATED"}
{"ts":1766231176499,"action":"IDE_DEACTIVATED"}
{"ts":1766232549293,"action":"IDE_ACTIVATED"}
{"ts":1766232557160,"action":"IDE_DEACTIVATED"}
{"ts":1766232560568,"action":"IDE_ACTIVATED"}
{"ts":1766232784825,"action":"IDE_DEACTIVATED"}
{"ts":1766232808203,"action":"IDE_ACTIVATED"}
{"ts":1766232812425,"action":"IDE_DEACTIVATED"}
{"ts":1766233100048,"action":"IDE_ACTIVATED"}
{"ts":1766233131301,"action":"IDE_DEACTIVATED"}
{"ts":1766233192319,"action":"IDE_ACTIVATED"}
{"ts":1766233264249,"action":"IDE_DEACTIVATED"}
{"ts":1766233267673,"action":"IDE_ACTIVATED"}
{"ts":1766233360741,"action":"IDE_DEACTIVATED"}
{"ts":1766233380944,"action":"IDE_ACTIVATED"}
{"ts":1766233396624,"action":"IDE_DEACTIVATED"}
{"ts":1766233396904,"action":"IDE_ACTIVATED"}
{"ts":1766233398261,"action":"IDE_DEACTIVATED"}
{"ts":1766233399611,"action":"IDE_ACTIVATED"}
{"ts":1766233402561,"action":"IDE_DEACTIVATED"}
{"ts":1766233439557,"action":"IDE_ACTIVATED"}
{"ts":1766233453978,"action":"IDE_DEACTIVATED"}
{"ts":1766233507513,"action":"IDE_ACTIVATED"}
{"ts":1766233586991,"action":"IDE_DEACTIVATED"}
{"ts":1766233587268,"action":"IDE_ACTIVATED"}
{"ts":1766233592738,"action":"IDE_DEACTIVATED"}
{"ts":1766233606843,"action":"IDE_ACTIVATED"}
{"ts":1766233608597,"action":"IDE_DEACTIVATED"}
{"ts":1766233756137,"action":"IDE_ACTIVATED"}
{"ts":1766233782263,"action":"IDE_DEACTIVATED"}
{"ts":1766233782566,"action":"IDE_ACTIVATED"}
{"ts":1766233795695,"action":"IDE_DEACTIVATED"}
{"ts":1766233815572,"action":"IDE_ACTIVATED"}
{"ts":1766233829034,"action":"IDE_DEACTIVATED"}
{"ts":1766233843134,"action":"IDE_ACTIVATED"}
{"ts":1766233879939,"action":"IDE_DEACTIVATED"}
{"ts":1766234000781,"action":"IDE_ACTIVATED"}
{"ts":1766234001395,"action":"IDE_DEACTIVATED"}
{"ts":1766234324222,"action":"IDE_ACTIVATED"}
{"ts":1766234359225,"action":"IDE_DEACTIVATED"}
{"ts":1766234555550,"action":"IDE_ACTIVATED"}
{"ts":1766234559260,"action":"IDE_DEACTIVATED"}
{"ts":1766234566041,"action":"IDE_ACTIVATED"}
{"ts":1766234570903,"action":"IDE_DEACTIVATED"}
{"ts":1766234644447,"action":"IDE_ACTIVATED"}
{"ts":1766234669285,"action":"IDE_DEACTIVATED"}
{"ts":1766234670617,"action":"IDE_ACTIVATED"}
{"ts":1766234673535,"action":"IDE_DEACTIVATED"}
{"ts":1766234692374,"action":"IDE_ACTIVATED"}
{"ts":1766234706344,"action":"IDE_DEACTIVATED"}
{"ts":1766234720809,"action":"IDE_ACTIVATED"}
{"ts":1766234722236,"action":"IDE_DEACTIVATED"}
{"ts":1766234835914,"action":"IDE_ACTIVATED"}
{"ts":1766234919291,"action":"IDE_DEACTIVATED"}
{"ts":1766236778204,"action":"IDE_ACTIVATED"}
{"ts":1766236780514,"action":"IDE_DEACTIVATED"}
{"ts":1766236796510,"action":"IDE_ACTIVATED"}
{"ts":1766236802370,"action":"IDE_DEACTIVATED"}
{"ts":1766236818858,"action":"IDE_ACTIVATED"}
{"ts":1766236821744,"action":"IDE_DEACTIVATED"}
{"ts":1766236824830,"action":"IDE_ACTIVATED"}
{"ts":1766236827146,"action":"IDE_DEACTIVATED"}
{"ts":1766237024528,"action":"IDE_ACTIVATED"}
{"ts":1766237033062,"action":"PROJECT_CLOSED","tags":{"PROJECT_NAME":"ClassLibrary1"}}
{"ts":1766311769295,"action":"FILE_OPENED","file":"/Armstrong.cs","tags":{"FILE_LINE_OF_CODE":"1591"}}
{"ts":1766311769944,"action":"PROJECT_OPENED","tags":{"PROJECT_NAME":"ClassLibrary1"}}
{"ts":1766311774672,"action":"IDE_ACTIVATED"}
{"ts":1766311802799,"action":"IDE_DEACTIVATED"}
{"ts":1766330368416,"action":"IDE_ACTIVATED"}
{"ts":1766330375333,"action":"IDE_DEACTIVATED"}
{"ts":1766330386602,"action":"IDE_ACTIVATED"}
{"ts":1766330387556,"action":"IDE_DEACTIVATED"}
{"ts":1766330542040,"action":"IDE_ACTIVATED"}
{"ts":1766330547390,"action":"IDE_DEACTIVATED"}
{"ts":1766403557769,"action":"IDE_ACTIVATED"}
{"ts":1766403562832,"action":"PROJECT_CLOSED","tags":{"PROJECT_NAME":"ClassLibrary1"}}
