{"ts":1764411619813,"action":"PROJECT_OPENED","tags":{"PROJECT_NAME":"EvtsysSrcgen"}}
{"ts":1764411650129,"action":"FILE_OPENED","file":"/Class1.cs","tags":{"FILE_LINE_OF_CODE":"6"}}
{"ts":1764411704267,"action":"IDE_DEACTIVATED"}
{"ts":1764411809593,"action":"IDE_ACTIVATED"}
{"ts":1764411966422,"action":"IDE_DEACTIVATED"}
{"ts":1764411998478,"action":"IDE_ACTIVATED"}
{"ts":1764412114291,"action":"IDE_DEACTIVATED"}
{"ts":1764412118154,"action":"IDE_ACTIVATED"}
{"ts":1764412206667,"action":"IDE_DEACTIVATED"}
{"ts":1764412209097,"action":"IDE_ACTIVATED"}
{"ts":1764412242621,"action":"IDE_DEACTIVATED"}
{"ts":1764412245072,"action":"IDE_ACTIVATED"}
{"ts":1764412300724,"action":"FILE_CLOSED","file":"/AttributeUsageCollector.cs","tags":{"FILE_LINE_OF_CODE":"14"}}
{"ts":1764412300964,"action":"FILE_OPENED","file":"/EvtListenerReceiver.cs","tags":{"FILE_LINE_OF_CODE":"5"}}
{"ts":1764412420689,"action":"IDE_DEACTIVATED"}
{"ts":1764412425287,"action":"IDE_ACTIVATED"}
{"ts":1764412876279,"action":"FILE_CLOSED","file":"/EvtListenerReceiver.cs","tags":{"FILE_LINE_OF_CODE":"21"}}
{"ts":1764412876279,"action":"FILE_OPENED","file":"/AttributeUsageCollector.cs","tags":{"FILE_LINE_OF_CODE":"14"}}
{"ts":1764413547743,"action":"IDE_DEACTIVATED"}
{"ts":1764413551180,"action":"IDE_ACTIVATED"}
{"ts":1764414004799,"action":"IDE_DEACTIVATED"}
{"ts":1764414007321,"action":"IDE_ACTIVATED"}
{"ts":1764414118494,"action":"IDE_DEACTIVATED"}
{"ts":1764414121276,"action":"IDE_ACTIVATED"}
{"ts":1764414142789,"action":"IDE_DEACTIVATED"}
{"ts":1764414211141,"action":"IDE_ACTIVATED"}
{"ts":1764414428381,"action":"IDE_DEACTIVATED"}
{"ts":1764414437374,"action":"IDE_ACTIVATED"}
{"ts":1764414443131,"action":"IDE_DEACTIVATED"}
{"ts":1764414679434,"action":"IDE_ACTIVATED"}
{"ts":1764414720660,"action":"IDE_DEACTIVATED"}
{"ts":1764414720922,"action":"IDE_ACTIVATED"}
{"ts":1764414760002,"action":"IDE_DEACTIVATED"}
{"ts":1764414900317,"action":"IDE_ACTIVATED"}
{"ts":1764414908291,"action":"IDE_DEACTIVATED"}
{"ts":1764415127228,"action":"IDE_ACTIVATED"}
{"ts":1764415211199,"action":"IDE_DEACTIVATED"}
{"ts":1764415271448,"action":"IDE_ACTIVATED"}
{"ts":1764415621869,"action":"IDE_DEACTIVATED"}
{"ts":1764415812080,"action":"IDE_ACTIVATED"}
{"ts":1764415871986,"action":"IDE_DEACTIVATED"}
{"ts":1764416155117,"action":"IDE_ACTIVATED"}
{"ts":1764416235760,"action":"IDE_DEACTIVATED"}
{"ts":1764416255518,"action":"IDE_ACTIVATED"}
{"ts":1764416832643,"action":"IDE_DEACTIVATED"}
{"ts":1764416968272,"action":"IDE_ACTIVATED"}
{"ts":1764417111204,"action":"IDE_DEACTIVATED"}
{"ts":1764417222543,"action":"IDE_ACTIVATED"}
{"ts":1764417233325,"action":"IDE_DEACTIVATED"}
{"ts":1764439594492,"action":"IDE_ACTIVATED"}
{"ts":1764439603304,"action":"IDE_DEACTIVATED"}
{"ts":1764439609083,"action":"IDE_ACTIVATED"}
{"ts":1764439619307,"action":"IDE_DEACTIVATED"}
{"ts":1764439641339,"action":"IDE_ACTIVATED"}
{"ts":1764439760842,"action":"IDE_DEACTIVATED"}
{"ts":1764439852195,"action":"IDE_ACTIVATED"}
{"ts":1764439860930,"action":"IDE_DEACTIVATED"}
{"ts":1764439923732,"action":"IDE_ACTIVATED"}
{"ts":1764439933366,"action":"IDE_DEACTIVATED"}
{"ts":1764439970339,"action":"IDE_ACTIVATED"}
{"ts":1764440012056,"action":"IDE_DEACTIVATED"}
{"ts":1764440031158,"action":"IDE_ACTIVATED"}
{"ts":1764440090598,"action":"IDE_DEACTIVATED"}
{"ts":1764440105413,"action":"IDE_ACTIVATED"}
{"ts":1764440172553,"action":"IDE_DEACTIVATED"}
{"ts":1764440196655,"action":"IDE_ACTIVATED"}
{"ts":1764440219767,"action":"IDE_DEACTIVATED"}
{"ts":1764440254894,"action":"IDE_ACTIVATED"}
{"ts":1764440262265,"action":"IDE_DEACTIVATED"}
{"ts":1764440279994,"action":"IDE_ACTIVATED"}
{"ts":1764440332474,"action":"IDE_DEACTIVATED"}
{"ts":1764440357623,"action":"IDE_ACTIVATED"}
{"ts":1764440366276,"action":"IDE_DEACTIVATED"}
{"ts":1764440377380,"action":"IDE_ACTIVATED"}
{"ts":1764440383893,"action":"IDE_DEACTIVATED"}
{"ts":1764440395150,"action":"IDE_ACTIVATED"}
{"ts":1764440477486,"action":"IDE_DEACTIVATED"}
{"ts":1764440492962,"action":"IDE_ACTIVATED"}
{"ts":1764440507580,"action":"IDE_DEACTIVATED"}
{"ts":1764440512607,"action":"IDE_ACTIVATED"}
{"ts":1764440520509,"action":"IDE_DEACTIVATED"}
{"ts":1764440523082,"action":"IDE_ACTIVATED"}
{"ts":1764440540046,"action":"IDE_DEACTIVATED"}
{"ts":1764440564724,"action":"IDE_ACTIVATED"}
{"ts":1764440617469,"action":"IDE_DEACTIVATED"}
{"ts":1764440634817,"action":"IDE_ACTIVATED"}
{"ts":1764440667852,"action":"IDE_DEACTIVATED"}
{"ts":1764440677680,"action":"IDE_ACTIVATED"}
{"ts":1764440685661,"action":"IDE_DEACTIVATED"}
{"ts":1764440724212,"action":"IDE_ACTIVATED"}
{"ts":1764440731495,"action":"IDE_DEACTIVATED"}
{"ts":1764440743255,"action":"IDE_ACTIVATED"}
{"ts":1764440746507,"action":"IDE_DEACTIVATED"}
{"ts":1764440748372,"action":"IDE_ACTIVATED"}
{"ts":1764440777737,"action":"IDE_DEACTIVATED"}
{"ts":1764440803919,"action":"IDE_ACTIVATED"}
{"ts":1764440820447,"action":"IDE_DEACTIVATED"}
{"ts":1764440884198,"action":"IDE_ACTIVATED"}
{"ts":1764440962464,"action":"IDE_DEACTIVATED"}
{"ts":1764440985479,"action":"IDE_ACTIVATED"}
{"ts":1764440997859,"action":"IDE_DEACTIVATED"}
{"ts":1764441004199,"action":"IDE_ACTIVATED"}
{"ts":1764441008251,"action":"IDE_DEACTIVATED"}
{"ts":1764441014517,"action":"IDE_ACTIVATED"}
{"ts":1764441033658,"action":"IDE_DEACTIVATED"}
{"ts":1764441038025,"action":"IDE_ACTIVATED"}
{"ts":1764441041677,"action":"IDE_DEACTIVATED"}
{"ts":1764441044327,"action":"IDE_ACTIVATED"}
{"ts":1764441055507,"action":"IDE_DEACTIVATED"}
{"ts":1764441080836,"action":"IDE_ACTIVATED"}
{"ts":1764441106579,"action":"IDE_DEACTIVATED"}
{"ts":1764441144236,"action":"IDE_ACTIVATED"}
{"ts":1764441256197,"action":"IDE_DEACTIVATED"}
{"ts":1764441412774,"action":"IDE_ACTIVATED"}
{"ts":1764441442048,"action":"IDE_DEACTIVATED"}
{"ts":1764441466099,"action":"IDE_ACTIVATED"}
{"ts":1764441568826,"action":"IDE_DEACTIVATED"}
{"ts":1764441736427,"action":"IDE_ACTIVATED"}
{"ts":1764441773941,"action":"IDE_DEACTIVATED"}
{"ts":1764441774959,"action":"IDE_ACTIVATED"}
{"ts":1764441844634,"action":"IDE_DEACTIVATED"}
{"ts":1764441866211,"action":"IDE_ACTIVATED"}
{"ts":1764441868856,"action":"IDE_DEACTIVATED"}
{"ts":1764442306418,"action":"IDE_ACTIVATED"}
{"ts":1764442320856,"action":"IDE_DEACTIVATED"}
{"ts":1764442321379,"action":"IDE_ACTIVATED"}
{"ts":1764442408569,"action":"IDE_DEACTIVATED"}
{"ts":1764442412368,"action":"IDE_ACTIVATED"}
{"ts":1764442439337,"action":"IDE_DEACTIVATED"}
{"ts":1764442497225,"action":"IDE_ACTIVATED"}
{"ts":1764442504780,"action":"IDE_DEACTIVATED"}
{"ts":1764442506550,"action":"IDE_ACTIVATED"}
{"ts":1764442521597,"action":"IDE_DEACTIVATED"}
{"ts":1764442555220,"action":"IDE_ACTIVATED"}
{"ts":1764442586898,"action":"IDE_DEACTIVATED"}
{"ts":1764442647373,"action":"IDE_ACTIVATED"}
{"ts":1764442665906,"action":"IDE_DEACTIVATED"}
{"ts":1764442748195,"action":"IDE_ACTIVATED"}
{"ts":1764442776670,"action":"IDE_DEACTIVATED"}
{"ts":1764442877284,"action":"IDE_ACTIVATED"}
{"ts":1764442891313,"action":"IDE_DEACTIVATED"}
{"ts":1764443155952,"action":"IDE_ACTIVATED"}
{"ts":1764443161581,"action":"IDE_DEACTIVATED"}
{"ts":1764443176815,"action":"IDE_ACTIVATED"}
{"ts":1764443180557,"action":"PROJECT_CLOSED","tags":{"PROJECT_NAME":"EvtsysSrcgen"}}
{"ts":1764443182496,"action":"PROJECT_OPENED","tags":{"PROJECT_NAME":"EvtsysSrcgen"}}
{"ts":1764443188139,"action":"IDE_DEACTIVATED"}
{"ts":1764443221648,"action":"IDE_ACTIVATED"}
{"ts":1764443222856,"action":"IDE_DEACTIVATED"}
{"ts":1764443622314,"action":"IDE_ACTIVATED"}
{"ts":1764443624311,"action":"FILE_OPENED","file":"/EvtListenerReceiver.cs","tags":{"FILE_LINE_OF_CODE":"21"}}
{"ts":1764443628574,"action":"FILE_CLOSED","file":"/EvtListenerReceiver.cs","tags":{"FILE_LINE_OF_CODE":"21"}}
{"ts":1764443628654,"action":"FILE_OPENED","file":"/AttributeUsageCollector.cs","tags":{"FILE_LINE_OF_CODE":"126"}}
{"ts":1764443676421,"action":"IDE_DEACTIVATED"}
{"ts":1764443848085,"action":"IDE_ACTIVATED"}
{"ts":1764443877466,"action":"IDE_DEACTIVATED"}
{"ts":1764443877764,"action":"IDE_ACTIVATED"}
{"ts":1764443916187,"action":"IDE_DEACTIVATED"}
{"ts":1764444011813,"action":"IDE_ACTIVATED"}
{"ts":1764444106231,"action":"IDE_DEACTIVATED"}
{"ts":1764444107186,"action":"IDE_ACTIVATED"}
{"ts":1764444143744,"action":"IDE_DEACTIVATED"}
{"ts":1764444186781,"action":"IDE_ACTIVATED"}
{"ts":1764444193418,"action":"IDE_DEACTIVATED"}
{"ts":1764444229454,"action":"IDE_ACTIVATED"}
{"ts":1764444250212,"action":"IDE_DEACTIVATED"}
{"ts":1764444293212,"action":"IDE_ACTIVATED"}
{"ts":1764444311261,"action":"IDE_DEACTIVATED"}
{"ts":1764444351360,"action":"IDE_ACTIVATED"}
{"ts":1764444397402,"action":"IDE_DEACTIVATED"}
{"ts":1764444401055,"action":"IDE_ACTIVATED"}
{"ts":1764444408797,"action":"IDE_DEACTIVATED"}
{"ts":1764444434846,"action":"IDE_ACTIVATED"}
{"ts":1764444455831,"action":"IDE_DEACTIVATED"}
{"ts":1764444458254,"action":"IDE_ACTIVATED"}
{"ts":1764444459525,"action":"IDE_DEACTIVATED"}
{"ts":1764444538825,"action":"IDE_ACTIVATED"}
{"ts":1764444570698,"action":"IDE_DEACTIVATED"}
{"ts":1764444603234,"action":"IDE_ACTIVATED"}
{"ts":1764444628743,"action":"IDE_DEACTIVATED"}
{"ts":1764444676204,"action":"IDE_ACTIVATED"}
{"ts":1764444706113,"action":"IDE_DEACTIVATED"}
{"ts":1764444708895,"action":"IDE_ACTIVATED"}
{"ts":1764444801293,"action":"IDE_DEACTIVATED"}
{"ts":1764444802206,"action":"IDE_ACTIVATED"}
{"ts":1764444806588,"action":"IDE_DEACTIVATED"}
{"ts":1764444833809,"action":"IDE_ACTIVATED"}
{"ts":1764444835653,"action":"FILE_CLOSED","file":"/AttributeUsageCollector.cs","tags":{"FILE_LINE_OF_CODE":"141"}}
{"ts":1764444835653,"action":"FILE_OPENED","file":"/EvtListenerReceiver.cs","tags":{"FILE_LINE_OF_CODE":"21"}}
{"ts":1764444850713,"action":"IDE_DEACTIVATED"}
{"ts":1764445011294,"action":"IDE_ACTIVATED"}
{"ts":1764445060146,"action":"IDE_DEACTIVATED"}
{"ts":1764445084298,"action":"IDE_ACTIVATED"}
{"ts":1764445086082,"action":"FILE_CLOSED","file":"/EvtListenerReceiver.cs","tags":{"FILE_LINE_OF_CODE":"21"}}
{"ts":1764445086082,"action":"FILE_OPENED","file":"/AttributeUsageCollector.cs","tags":{"FILE_LINE_OF_CODE":"141"}}
{"ts":1764445134697,"action":"IDE_DEACTIVATED"}
{"ts":1764445264258,"action":"IDE_ACTIVATED"}
{"ts":1764445268247,"action":"IDE_DEACTIVATED"}
{"ts":1764445329117,"action":"IDE_ACTIVATED"}
{"ts":1764445342236,"action":"IDE_DEACTIVATED"}
{"ts":1764445469036,"action":"IDE_ACTIVATED"}
{"ts":1764445597778,"action":"IDE_DEACTIVATED"}
{"ts":1764445604579,"action":"IDE_ACTIVATED"}
{"ts":1764445608510,"action":"IDE_DEACTIVATED"}
{"ts":1764445609237,"action":"IDE_ACTIVATED"}
{"ts":1764445609891,"action":"IDE_DEACTIVATED"}
{"ts":1764445616388,"action":"IDE_ACTIVATED"}
{"ts":1764445617886,"action":"IDE_DEACTIVATED"}
{"ts":1764445641256,"action":"IDE_ACTIVATED"}
{"ts":1764445662479,"action":"IDE_DEACTIVATED"}
{"ts":1764445761033,"action":"IDE_ACTIVATED"}
{"ts":1764445811193,"action":"IDE_DEACTIVATED"}
{"ts":1764446058562,"action":"IDE_ACTIVATED"}
{"ts":1764446071704,"action":"IDE_DEACTIVATED"}
{"ts":1764446116087,"action":"IDE_ACTIVATED"}
{"ts":1764446142786,"action":"IDE_DEACTIVATED"}
{"ts":1764446182960,"action":"IDE_ACTIVATED"}
{"ts":1764446573870,"action":"IDE_DEACTIVATED"}
{"ts":1764446575498,"action":"IDE_ACTIVATED"}
{"ts":1764446588278,"action":"IDE_DEACTIVATED"}
{"ts":1764446710668,"action":"IDE_ACTIVATED"}
{"ts":1764446741852,"action":"IDE_DEACTIVATED"}
{"ts":1764447149359,"action":"IDE_ACTIVATED"}
{"ts":1764447159174,"action":"IDE_DEACTIVATED"}
{"ts":1764447205839,"action":"IDE_ACTIVATED"}
{"ts":1764447207732,"action":"IDE_DEACTIVATED"}
{"ts":1764447208803,"action":"IDE_ACTIVATED"}
{"ts":1764447240635,"action":"IDE_DEACTIVATED"}
{"ts":1764447410151,"action":"IDE_ACTIVATED"}
{"ts":1764447423407,"action":"IDE_DEACTIVATED"}
{"ts":1764447457005,"action":"IDE_ACTIVATED"}
{"ts":1764447462165,"action":"IDE_DEACTIVATED"}
{"ts":1764447483252,"action":"IDE_ACTIVATED"}
{"ts":1764447486013,"action":"FILE_CLOSED","file":"/AttributeUsageCollector.cs","tags":{"FILE_LINE_OF_CODE":"170"}}
{"ts":1764447486013,"action":"FILE_OPENED","file":"/EvtListenerReceiver.cs","tags":{"FILE_LINE_OF_CODE":"21"}}
{"ts":1764447494082,"action":"FILE_CLOSED","file":"/EvtListenerReceiver.cs","tags":{"FILE_LINE_OF_CODE":"21"}}
{"ts":1764447494082,"action":"FILE_OPENED","file":"/AttributeUsageCollector.cs","tags":{"FILE_LINE_OF_CODE":"170"}}
{"ts":1764447549894,"action":"FILE_CLOSED","file":"/AttributeUsageCollector.cs","tags":{"FILE_LINE_OF_CODE":"170"}}
{"ts":1764447549943,"action":"FILE_OPENED","file":"/global.json","tags":{"FILE_LINE_OF_CODE":"7"}}
{"ts":1764447553106,"action":"FILE_CLOSED","file":"/global.json","tags":{"FILE_LINE_OF_CODE":"7"}}
{"ts":1764447553106,"action":"FILE_OPENED","file":"/AttributeUsageCollector.cs","tags":{"FILE_LINE_OF_CODE":"170"}}
{"ts":1764447564036,"action":"IDE_DEACTIVATED"}
{"ts":1764447634276,"action":"IDE_ACTIVATED"}
{"ts":1764447653107,"action":"IDE_DEACTIVATED"}
{"ts":1764447744478,"action":"IDE_ACTIVATED"}
{"ts":1764447749153,"action":"IDE_DEACTIVATED"}
{"ts":1764447886349,"action":"IDE_ACTIVATED"}
{"ts":1764447887777,"action":"FILE_CLOSED","file":"/AttributeUsageCollector.cs","tags":{"FILE_LINE_OF_CODE":"170"}}
{"ts":1764447887777,"action":"FILE_OPENED","file":"/EvtListenerReceiver.cs","tags":{"FILE_LINE_OF_CODE":"21"}}
{"ts":1764447891111,"action":"IDE_DEACTIVATED"}
{"ts":1764447977123,"action":"IDE_ACTIVATED"}
{"ts":1764448002251,"action":"IDE_DEACTIVATED"}
{"ts":1764448007727,"action":"IDE_ACTIVATED"}
{"ts":1764448017959,"action":"FILE_CLOSED","file":"/EvtListenerReceiver.cs","tags":{"FILE_LINE_OF_CODE":"21"}}
{"ts":1764448017959,"action":"FILE_OPENED","file":"/AttributeUsageCollector.cs","tags":{"FILE_LINE_OF_CODE":"170"}}
{"ts":1764448031371,"action":"IDE_DEACTIVATED"}
{"ts":1764448108634,"action":"IDE_ACTIVATED"}
{"ts":1764448112598,"action":"FILE_CLOSED","file":"/AttributeUsageCollector.cs","tags":{"FILE_LINE_OF_CODE":"170"}}
{"ts":1764448112598,"action":"FILE_OPENED","file":"/EvtListenerReceiver.cs","tags":{"FILE_LINE_OF_CODE":"21"}}
{"ts":1764448118111,"action":"IDE_DEACTIVATED"}
{"ts":1764448335077,"action":"IDE_ACTIVATED"}
{"ts":1764448344269,"action":"IDE_DEACTIVATED"}
{"ts":1764448345861,"action":"IDE_ACTIVATED"}
{"ts":1764448351580,"action":"FILE_CLOSED","file":"/EvtListenerReceiver.cs","tags":{"FILE_LINE_OF_CODE":"21"}}
{"ts":1764448351580,"action":"FILE_OPENED","file":"/AttributeUsageCollector.cs","tags":{"FILE_LINE_OF_CODE":"170"}}
{"ts":1764448435184,"action":"IDE_DEACTIVATED"}
{"ts":1764448438382,"action":"IDE_ACTIVATED"}
{"ts":1764448515695,"action":"IDE_DEACTIVATED"}
{"ts":1764448556573,"action":"IDE_ACTIVATED"}
{"ts":1764448558429,"action":"IDE_DEACTIVATED"}
{"ts":1764448559109,"action":"IDE_ACTIVATED"}
{"ts":1764448579034,"action":"FILE_CLOSED","file":"/AttributeUsageCollector.cs","tags":{"FILE_LINE_OF_CODE":"170"}}
{"ts":1764448579034,"action":"FILE_OPENED","file":"/EvtListenerReceiver.cs","tags":{"FILE_LINE_OF_CODE":"21"}}
{"ts":1764448610922,"action":"IDE_DEACTIVATED"}
{"ts":1764448613374,"action":"IDE_ACTIVATED"}
{"ts":1764448621866,"action":"IDE_DEACTIVATED"}
{"ts":1764448634918,"action":"IDE_ACTIVATED"}
{"ts":1764448636720,"action":"IDE_DEACTIVATED"}
{"ts":1764448741083,"action":"IDE_ACTIVATED"}
{"ts":1764448780947,"action":"IDE_DEACTIVATED"}
{"ts":1764448824586,"action":"IDE_ACTIVATED"}
{"ts":1764448827272,"action":"FILE_CLOSED","file":"/EvtListenerReceiver.cs","tags":{"FILE_LINE_OF_CODE":"22"}}
{"ts":1764448827272,"action":"FILE_OPENED","file":"/AttributeUsageCollector.cs","tags":{"FILE_LINE_OF_CODE":"170"}}
{"ts":1764448830993,"action":"IDE_DEACTIVATED"}
{"ts":1764449523232,"action":"IDE_ACTIVATED"}
{"ts":1764449529610,"action":"IDE_DEACTIVATED"}
{"ts":1764449530443,"action":"IDE_ACTIVATED"}
{"ts":1764449831757,"action":"IDE_DEACTIVATED"}
{"ts":1764449883226,"action":"IDE_ACTIVATED"}
{"ts":1764449928486,"action":"IDE_DEACTIVATED"}
{"ts":1764449940677,"action":"IDE_ACTIVATED"}
{"ts":1764449950315,"action":"IDE_DEACTIVATED"}
{"ts":1764449953508,"action":"IDE_ACTIVATED"}
{"ts":1764450135656,"action":"IDE_DEACTIVATED"}
{"ts":1764450139544,"action":"IDE_ACTIVATED"}
{"ts":1764450140778,"action":"IDE_DEACTIVATED"}
{"ts":1764450141335,"action":"IDE_ACTIVATED"}
{"ts":1764450149092,"action":"IDE_DEACTIVATED"}
{"ts":1764450173809,"action":"IDE_ACTIVATED"}
{"ts":1764450208433,"action":"IDE_DEACTIVATED"}
{"ts":1764450210195,"action":"IDE_ACTIVATED"}
{"ts":1764450214162,"action":"IDE_DEACTIVATED"}
{"ts":1764450215823,"action":"IDE_ACTIVATED"}
{"ts":1764450320086,"action":"FILE_CLOSED","file":"/AttributeUsageCollector.cs","tags":{"FILE_LINE_OF_CODE":"176"}}
{"ts":1764450320086,"action":"FILE_OPENED","file":"/EvtListenerReceiver.cs","tags":{"FILE_LINE_OF_CODE":"22"}}
{"ts":1764450321753,"action":"IDE_DEACTIVATED"}
{"ts":1764450323850,"action":"IDE_ACTIVATED"}
{"ts":1764450330706,"action":"FILE_CLOSED","file":"/EvtListenerReceiver.cs","tags":{"FILE_LINE_OF_CODE":"22"}}
{"ts":1764450330706,"action":"FILE_OPENED","file":"/AttributeUsageCollector.cs","tags":{"FILE_LINE_OF_CODE":"176"}}
{"ts":1764450356990,"action":"IDE_DEACTIVATED"}
{"ts":1764450359089,"action":"IDE_ACTIVATED"}
{"ts":1764450385771,"action":"IDE_DEACTIVATED"}
{"ts":1764450387110,"action":"IDE_ACTIVATED"}
{"ts":1764450392776,"action":"IDE_DEACTIVATED"}
{"ts":1764450395229,"action":"IDE_ACTIVATED"}
{"ts":1764450411383,"action":"IDE_DEACTIVATED"}
{"ts":1764450417360,"action":"IDE_ACTIVATED"}
{"ts":1764450422925,"action":"IDE_DEACTIVATED"}
{"ts":1764450423151,"action":"IDE_ACTIVATED"}
{"ts":1764450456060,"action":"IDE_DEACTIVATED"}
{"ts":1764450457869,"action":"IDE_ACTIVATED"}
{"ts":1764450509386,"action":"IDE_DEACTIVATED"}
{"ts":1764450596257,"action":"IDE_ACTIVATED"}
{"ts":1764450613526,"action":"IDE_DEACTIVATED"}
{"ts":1764450616920,"action":"IDE_ACTIVATED"}
{"ts":1764450629349,"action":"IDE_DEACTIVATED"}
{"ts":1764450635204,"action":"IDE_ACTIVATED"}
{"ts":1764450657451,"action":"IDE_DEACTIVATED"}
{"ts":1764450713593,"action":"IDE_ACTIVATED"}
{"ts":1764450760782,"action":"IDE_DEACTIVATED"}
{"ts":1764450811133,"action":"IDE_ACTIVATED"}
{"ts":1764450814609,"action":"IDE_DEACTIVATED"}
{"ts":1764450815191,"action":"IDE_ACTIVATED"}
{"ts":1764450815747,"action":"IDE_DEACTIVATED"}
{"ts":1764450816938,"action":"IDE_ACTIVATED"}
{"ts":1764450817567,"action":"IDE_DEACTIVATED"}
{"ts":1764450907754,"action":"IDE_ACTIVATED"}
{"ts":1764450918961,"action":"IDE_DEACTIVATED"}
{"ts":1764450980933,"action":"IDE_ACTIVATED"}
{"ts":1764450982016,"action":"IDE_DEACTIVATED"}
{"ts":1764450983109,"action":"IDE_ACTIVATED"}
{"ts":1764450994053,"action":"FILE_CLOSED","file":"/AttributeUsageCollector.cs","tags":{"FILE_LINE_OF_CODE":"178"}}
{"ts":1764450994053,"action":"FILE_OPENED","file":"/EvtListenerReceiver.cs","tags":{"FILE_LINE_OF_CODE":"22"}}
{"ts":1764451002998,"action":"FILE_CLOSED","file":"/EvtListenerReceiver.cs","tags":{"FILE_LINE_OF_CODE":"21"}}
{"ts":1764451002998,"action":"FILE_OPENED","file":"/AttributeUsageCollector.cs","tags":{"FILE_LINE_OF_CODE":"178"}}
{"ts":1764451147433,"action":"IDE_DEACTIVATED"}
{"ts":1764451148300,"action":"IDE_ACTIVATED"}
{"ts":1764451159925,"action":"IDE_DEACTIVATED"}
{"ts":1764451169198,"action":"IDE_ACTIVATED"}
{"ts":1764451170072,"action":"IDE_DEACTIVATED"}
{"ts":1764451235589,"action":"IDE_ACTIVATED"}
{"ts":1764451256758,"action":"IDE_DEACTIVATED"}
{"ts":1764451352372,"action":"IDE_ACTIVATED"}
{"ts":1764451366853,"action":"FILE_CLOSED","file":"/AttributeUsageCollector.cs","tags":{"FILE_LINE_OF_CODE":"179"}}
{"ts":1764451366918,"action":"FILE_OPENED","file":"/AssemblyNameRenamer.cs","tags":{"FILE_LINE_OF_CODE":"5"}}
{"ts":1764451385797,"action":"IDE_DEACTIVATED"}
{"ts":1764451391835,"action":"IDE_ACTIVATED"}
{"ts":1764451530902,"action":"FILE_CLOSED","file":"/AssemblyNameUtils.cs","tags":{"FILE_LINE_OF_CODE":"42"}}
{"ts":1764451530902,"action":"FILE_OPENED","file":"/AttributeUsageCollector.cs","tags":{"FILE_LINE_OF_CODE":"179"}}
{"ts":1764451535926,"action":"FILE_CLOSED","file":"/AttributeUsageCollector.cs","tags":{"FILE_LINE_OF_CODE":"179"}}
{"ts":1764451535926,"action":"FILE_OPENED","file":"/AssemblyNameUtils.cs","tags":{"FILE_LINE_OF_CODE":"42"}}
{"ts":1764451590394,"action":"IDE_DEACTIVATED"}
{"ts":1764451676708,"action":"IDE_ACTIVATED"}
{"ts":1764451718159,"action":"FILE_CLOSED","file":"/AssemblyNameUtils.cs","tags":{"FILE_LINE_OF_CODE":"44"}}
{"ts":1764451718160,"action":"FILE_OPENED","file":"/AttributeUsageCollector.cs","tags":{"FILE_LINE_OF_CODE":"179"}}
{"ts":1764451746299,"action":"FILE_CLOSED","file":"/AttributeUsageCollector.cs","tags":{"FILE_LINE_OF_CODE":"186"}}
{"ts":1764451746299,"action":"FILE_OPENED","file":"/AssemblyNameUtils.cs","tags":{"FILE_LINE_OF_CODE":"44"}}
{"ts":1764451801654,"action":"FILE_CLOSED","file":"/AssemblyNameUtils.cs","tags":{"FILE_LINE_OF_CODE":"44"}}
{"ts":1764451801654,"action":"FILE_OPENED","file":"/AttributeUsageCollector.cs","tags":{"FILE_LINE_OF_CODE":"186"}}
{"ts":1764451849662,"action":"IDE_DEACTIVATED"}
{"ts":1764451982947,"action":"IDE_ACTIVATED"}
{"ts":1764452027093,"action":"IDE_DEACTIVATED"}
{"ts":1764452065173,"action":"IDE_ACTIVATED"}
{"ts":1764452083518,"action":"IDE_DEACTIVATED"}
{"ts":1764452094990,"action":"IDE_ACTIVATED"}
{"ts":1764452103107,"action":"IDE_DEACTIVATED"}
{"ts":1764452118711,"action":"IDE_ACTIVATED"}
{"ts":1764452176199,"action":"IDE_DEACTIVATED"}
{"ts":1764452193684,"action":"IDE_ACTIVATED"}
{"ts":1764452195379,"action":"IDE_DEACTIVATED"}
{"ts":1764452196065,"action":"IDE_ACTIVATED"}
{"ts":1764452198669,"action":"IDE_DEACTIVATED"}
{"ts":1764452208148,"action":"IDE_ACTIVATED"}
{"ts":1764452275715,"action":"IDE_DEACTIVATED"}
{"ts":1764452277298,"action":"IDE_ACTIVATED"}
{"ts":1764452283791,"action":"IDE_DEACTIVATED"}
{"ts":1764452303424,"action":"IDE_ACTIVATED"}
{"ts":1764452304162,"action":"IDE_DEACTIVATED"}
{"ts":1764452304765,"action":"IDE_ACTIVATED"}
{"ts":1764452312056,"action":"IDE_DEACTIVATED"}
{"ts":1764452313368,"action":"IDE_ACTIVATED"}
{"ts":1764452315288,"action":"IDE_DEACTIVATED"}
{"ts":1764452372375,"action":"IDE_ACTIVATED"}
{"ts":1764452551565,"action":"IDE_DEACTIVATED"}
{"ts":1764452750795,"action":"IDE_ACTIVATED"}
{"ts":1764452753083,"action":"FILE_CLOSED","file":"/AttributeUsageCollector.cs","tags":{"FILE_LINE_OF_CODE":"187"}}
{"ts":1764452753083,"action":"FILE_OPENED","file":"/AssemblyNameUtils.cs","tags":{"FILE_LINE_OF_CODE":"44"}}
{"ts":1764452753957,"action":"FILE_CLOSED","file":"/AssemblyNameUtils.cs","tags":{"FILE_LINE_OF_CODE":"44"}}
{"ts":1764452753957,"action":"FILE_OPENED","file":"/EvtListenerReceiver.cs","tags":{"FILE_LINE_OF_CODE":"21"}}
{"ts":1764452757031,"action":"IDE_DEACTIVATED"}
{"ts":1764452763162,"action":"IDE_ACTIVATED"}
{"ts":1764452882028,"action":"IDE_DEACTIVATED"}
{"ts":1764452950600,"action":"IDE_ACTIVATED"}
{"ts":1764453049000,"action":"IDE_DEACTIVATED"}
{"ts":1764453093384,"action":"IDE_ACTIVATED"}
{"ts":1764453097360,"action":"IDE_DEACTIVATED"}
{"ts":1764453098281,"action":"IDE_ACTIVATED"}
{"ts":1764453101130,"action":"FILE_CLOSED","file":"/EvtListenerReceiver.cs","tags":{"FILE_LINE_OF_CODE":"21"}}
{"ts":1764453101130,"action":"FILE_OPENED","file":"/AttributeUsageCollector.cs","tags":{"FILE_LINE_OF_CODE":"187"}}
{"ts":1764453104866,"action":"IDE_DEACTIVATED"}
{"ts":1764453107166,"action":"IDE_ACTIVATED"}
{"ts":1764453326526,"action":"IDE_DEACTIVATED"}
{"ts":1764453336511,"action":"IDE_ACTIVATED"}
{"ts":1764453366578,"action":"IDE_DEACTIVATED"}
{"ts":1764453854617,"action":"IDE_ACTIVATED"}
{"ts":1764453856481,"action":"IDE_DEACTIVATED"}
{"ts":1764453857624,"action":"IDE_ACTIVATED"}
{"ts":1764454081453,"action":"IDE_DEACTIVATED"}
{"ts":1764454081591,"action":"IDE_ACTIVATED"}
{"ts":1764454113211,"action":"FILE_CLOSED","file":"/AttributeUsageCollector.cs","tags":{"FILE_LINE_OF_CODE":"187"}}
{"ts":1764454113211,"action":"FILE_OPENED","file":"/EvtListenerReceiver.cs","tags":{"FILE_LINE_OF_CODE":"21"}}
{"ts":1764454118668,"action":"FILE_CLOSED","file":"/EvtListenerReceiver.cs","tags":{"FILE_LINE_OF_CODE":"21"}}
{"ts":1764454118668,"action":"FILE_OPENED","file":"/AttributeUsageCollector.cs","tags":{"FILE_LINE_OF_CODE":"187"}}
{"ts":1764454143714,"action":"FILE_CLOSED","file":"/AttributeUsageCollector.cs","tags":{"FILE_LINE_OF_CODE":"187"}}
{"ts":1764454143881,"action":"FILE_OPENED","file":"/EvtDeclarerReceiver.cs","tags":{"FILE_LINE_OF_CODE":"21"}}
{"ts":1764454168693,"action":"FILE_CLOSED","file":"/EvtDeclarerReceiver.cs","tags":{"FILE_LINE_OF_CODE":"21"}}
{"ts":1764454168693,"action":"FILE_OPENED","file":"/AttributeUsageCollector.cs","tags":{"FILE_LINE_OF_CODE":"187"}}
{"ts":1764454179090,"action":"FILE_CLOSED","file":"/AttributeUsageCollector.cs","tags":{"FILE_LINE_OF_CODE":"188"}}
{"ts":1764454179090,"action":"FILE_OPENED","file":"/EvtDeclarerReceiver.cs","tags":{"FILE_LINE_OF_CODE":"21"}}
{"ts":1764454187190,"action":"FILE_CLOSED","file":"/EvtDeclarerReceiver.cs","tags":{"FILE_LINE_OF_CODE":"21"}}
{"ts":1764454187190,"action":"FILE_OPENED","file":"/AttributeUsageCollector.cs","tags":{"FILE_LINE_OF_CODE":"188"}}
{"ts":1764454615523,"action":"FILE_CLOSED","file":"/AttributeUsageCollector.cs","tags":{"FILE_LINE_OF_CODE":"284"}}
{"ts":1764454615523,"action":"FILE_OPENED","file":"/EvtDeclarerReceiver.cs","tags":{"FILE_LINE_OF_CODE":"21"}}
{"ts":1764454646901,"action":"FILE_CLOSED","file":"/EvtDeclarerReceiver.cs","tags":{"FILE_LINE_OF_CODE":"21"}}
{"ts":1764454646901,"action":"FILE_OPENED","file":"/EvtListenerReceiver.cs","tags":{"FILE_LINE_OF_CODE":"21"}}
{"ts":1764454648687,"action":"FILE_CLOSED","file":"/EvtListenerReceiver.cs","tags":{"FILE_LINE_OF_CODE":"21"}}
{"ts":1764454648687,"action":"FILE_OPENED","file":"/AttributeUsageCollector.cs","tags":{"FILE_LINE_OF_CODE":"284"}}
{"ts":1764454653495,"action":"FILE_CLOSED","file":"/AttributeUsageCollector.cs","tags":{"FILE_LINE_OF_CODE":"284"}}
{"ts":1764454653495,"action":"FILE_OPENED","file":"/EvtDeclarerReceiver.cs","tags":{"FILE_LINE_OF_CODE":"21"}}
{"ts":1764454663414,"action":"FILE_CLOSED","file":"/EvtDeclarerReceiver.cs","tags":{"FILE_LINE_OF_CODE":"21"}}
{"ts":1764454663414,"action":"FILE_OPENED","file":"/AssemblyNameUtils.cs","tags":{"FILE_LINE_OF_CODE":"44"}}
{"ts":1764454664457,"action":"FILE_CLOSED","file":"/AssemblyNameUtils.cs","tags":{"FILE_LINE_OF_CODE":"44"}}
{"ts":1764454664457,"action":"FILE_OPENED","file":"/AttributeUsageCollector.cs","tags":{"FILE_LINE_OF_CODE":"284"}}
{"ts":1764454835927,"action":"IDE_DEACTIVATED"}
{"ts":1764455051785,"action":"IDE_ACTIVATED"}
{"ts":1764455094320,"action":"FILE_CLOSED","file":"/AttributeUsageCollector.cs","tags":{"FILE_LINE_OF_CODE":"215"}}
{"ts":1764455094321,"action":"FILE_OPENED","file":"/EvtDeclarerReceiver.cs","tags":{"FILE_LINE_OF_CODE":"21"}}
{"ts":1764455095548,"action":"FILE_CLOSED","file":"/EvtDeclarerReceiver.cs","tags":{"FILE_LINE_OF_CODE":"21"}}
{"ts":1764455095548,"action":"FILE_OPENED","file":"/EvtListenerReceiver.cs","tags":{"FILE_LINE_OF_CODE":"21"}}
{"ts":1764455100579,"action":"FILE_CLOSED","file":"/EvtListenerReceiver.cs","tags":{"FILE_LINE_OF_CODE":"21"}}
{"ts":1764455100579,"action":"FILE_OPENED","file":"/AttributeUsageCollector.cs","tags":{"FILE_LINE_OF_CODE":"215"}}
{"ts":1764455102025,"action":"FILE_CLOSED","file":"/AttributeUsageCollector.cs","tags":{"FILE_LINE_OF_CODE":"215"}}
{"ts":1764455102025,"action":"FILE_OPENED","file":"/EvtDeclarerReceiver.cs","tags":{"FILE_LINE_OF_CODE":"21"}}
{"ts":1764455111596,"action":"FILE_CLOSED","file":"/EvtDeclarerReceiver.cs","tags":{"FILE_LINE_OF_CODE":"21"}}
{"ts":1764455111596,"action":"FILE_OPENED","file":"/AttributeUsageCollector.cs","tags":{"FILE_LINE_OF_CODE":"215"}}
{"ts":1764455112653,"action":"IDE_DEACTIVATED"}
{"ts":1764455113465,"action":"IDE_ACTIVATED"}
{"ts":1764455121756,"action":"IDE_DEACTIVATED"}
{"ts":1764455128563,"action":"IDE_ACTIVATED"}
{"ts":1764455183410,"action":"IDE_DEACTIVATED"}
{"ts":1764455332727,"action":"IDE_ACTIVATED"}
{"ts":1764455333673,"action":"IDE_DEACTIVATED"}
{"ts":1764455341388,"action":"IDE_ACTIVATED"}
{"ts":1764455359861,"action":"IDE_DEACTIVATED"}
{"ts":1764455362504,"action":"IDE_ACTIVATED"}
{"ts":1764455386497,"action":"IDE_DEACTIVATED"}
{"ts":1764455389518,"action":"IDE_ACTIVATED"}
{"ts":1764455466838,"action":"FILE_CLOSED","file":"/AttributeUsageCollector.cs","tags":{"FILE_LINE_OF_CODE":"219"}}
{"ts":1764455466838,"action":"FILE_OPENED","file":"/EvtDeclarerReceiver.cs","tags":{"FILE_LINE_OF_CODE":"21"}}
{"ts":1764455467676,"action":"FILE_CLOSED","file":"/EvtDeclarerReceiver.cs","tags":{"FILE_LINE_OF_CODE":"21"}}
{"ts":1764455467676,"action":"FILE_OPENED","file":"/AttributeUsageCollector.cs","tags":{"FILE_LINE_OF_CODE":"219"}}
{"ts":1764455468664,"action":"IDE_DEACTIVATED"}
{"ts":1764455472543,"action":"IDE_ACTIVATED"}
{"ts":1764455478349,"action":"IDE_DEACTIVATED"}
{"ts":1764455479935,"action":"IDE_ACTIVATED"}
{"ts":1764455515235,"action":"IDE_DEACTIVATED"}
{"ts":1764455515864,"action":"IDE_ACTIVATED"}
{"ts":1764455527247,"action":"IDE_DEACTIVATED"}
{"ts":1764455562340,"action":"IDE_ACTIVATED"}
{"ts":1764455703516,"action":"IDE_DEACTIVATED"}
{"ts":1764455720130,"action":"IDE_ACTIVATED"}
{"ts":1764455721741,"action":"FILE_CLOSED","file":"/AttributeUsageCollector.cs","tags":{"FILE_LINE_OF_CODE":"228"}}
{"ts":1764455721741,"action":"FILE_OPENED","file":"/EvtDeclarerReceiver.cs","tags":{"FILE_LINE_OF_CODE":"21"}}
{"ts":1764455754394,"action":"IDE_DEACTIVATED"}
{"ts":1764455864276,"action":"IDE_ACTIVATED"}
{"ts":1764455873231,"action":"FILE_OPENED","file":"/AttributeUsageCollector.cs","tags":{"FILE_LINE_OF_CODE":"228"}}
{"ts":1764455875111,"action":"FILE_CLOSED","file":"/AttributeUsageCollector.cs","tags":{"FILE_LINE_OF_CODE":"228"}}
{"ts":1764455875111,"action":"FILE_OPENED","file":"/EvtListenerReceiver.cs","tags":{"FILE_LINE_OF_CODE":"21"}}
{"ts":1764455954854,"action":"FILE_CLOSED","file":"/EvtListenerReceiver.cs","tags":{"FILE_LINE_OF_CODE":"38"}}
{"ts":1764455954854,"action":"FILE_OPENED","file":"/AttributeUsageCollector.cs","tags":{"FILE_LINE_OF_CODE":"228"}}
{"ts":1764456230526,"action":"IDE_DEACTIVATED"}
{"ts":1764456239726,"action":"IDE_ACTIVATED"}
{"ts":1764456336224,"action":"IDE_DEACTIVATED"}
{"ts":1764456467087,"action":"IDE_ACTIVATED"}
{"ts":1764456470905,"action":"IDE_DEACTIVATED"}
{"ts":1764456585876,"action":"IDE_ACTIVATED"}
{"ts":1764456588157,"action":"IDE_DEACTIVATED"}
{"ts":1764456624230,"action":"IDE_ACTIVATED"}
{"ts":1764456659968,"action":"IDE_DEACTIVATED"}
{"ts":1764456702162,"action":"IDE_ACTIVATED"}
{"ts":1764456704828,"action":"IDE_DEACTIVATED"}
{"ts":1764456705647,"action":"IDE_ACTIVATED"}
{"ts":1764456752837,"action":"IDE_DEACTIVATED"}
{"ts":1764456998483,"action":"IDE_ACTIVATED"}
{"ts":1764457001390,"action":"IDE_DEACTIVATED"}
{"ts":1764457002337,"action":"IDE_ACTIVATED"}
{"ts":1764457015149,"action":"IDE_DEACTIVATED"}
{"ts":1764457030930,"action":"IDE_ACTIVATED"}
{"ts":1764457166584,"action":"IDE_DEACTIVATED"}
{"ts":1764457167796,"action":"IDE_ACTIVATED"}
{"ts":1764457170434,"action":"IDE_DEACTIVATED"}
{"ts":1764457220434,"action":"IDE_ACTIVATED"}
{"ts":1764457229422,"action":"IDE_DEACTIVATED"}
{"ts":1764457232930,"action":"IDE_ACTIVATED"}
{"ts":1764457290533,"action":"IDE_DEACTIVATED"}
{"ts":1764457296371,"action":"IDE_ACTIVATED"}
{"ts":1764457418632,"action":"IDE_DEACTIVATED"}
{"ts":1764457556846,"action":"IDE_ACTIVATED"}
{"ts":1764457578983,"action":"IDE_DEACTIVATED"}
{"ts":1764457594835,"action":"IDE_ACTIVATED"}
{"ts":1764457600978,"action":"IDE_DEACTIVATED"}
{"ts":1764457783091,"action":"IDE_ACTIVATED"}
{"ts":1764457784912,"action":"IDE_DEACTIVATED"}
{"ts":1764457785675,"action":"IDE_ACTIVATED"}
{"ts":1764457819548,"action":"PROJECT_CLOSED","tags":{"PROJECT_NAME":"EvtsysSrcgen"}}
