{"ts":1765434423730,"action":"PROJECT_OPENED","tags":{"PROJECT_NAME":"Ilpp"}}
{"ts":1765434426478,"action":"FILE_OPENED","file":"/EvtInstCacheInjector.cs","tags":{"FILE_LINE_OF_CODE":"15"}}
{"ts":1765434438279,"action":"IDE_DEACTIVATED"}
{"ts":1765434452480,"action":"IDE_ACTIVATED"}
{"ts":1765434459415,"action":"IDE_DEACTIVATED"}
{"ts":1765434474690,"action":"IDE_ACTIVATED"}
{"ts":1765434605839,"action":"IDE_DEACTIVATED"}
{"ts":1765434716847,"action":"IDE_ACTIVATED"}
{"ts":1765434759347,"action":"IDE_DEACTIVATED"}
{"ts":1765434939570,"action":"IDE_ACTIVATED"}
{"ts":1765434941602,"action":"IDE_DEACTIVATED"}
{"ts":1765434972190,"action":"IDE_ACTIVATED"}
{"ts":1765435057702,"action":"IDE_DEACTIVATED"}
{"ts":1765435093990,"action":"IDE_ACTIVATED"}
{"ts":1765435115671,"action":"IDE_DEACTIVATED"}
{"ts":1765435183617,"action":"IDE_ACTIVATED"}
{"ts":1765435403954,"action":"IDE_DEACTIVATED"}
{"ts":1765435432816,"action":"IDE_ACTIVATED"}
{"ts":1765435649566,"action":"IDE_DEACTIVATED"}
{"ts":1765435752196,"action":"IDE_ACTIVATED"}
{"ts":1765435767476,"action":"IDE_DEACTIVATED"}
{"ts":1765435775337,"action":"IDE_ACTIVATED"}
{"ts":1765435786079,"action":"IDE_DEACTIVATED"}
{"ts":1765435790397,"action":"PROJECT_CLOSED","tags":{"PROJECT_NAME":"Ilpp"}}
{"ts":1765441134463,"action":"FILE_OPENED","file":"/EvtInstCacheInjector.cs","tags":{"FILE_LINE_OF_CODE":"137"}}
{"ts":1765441134552,"action":"PROJECT_OPENED","tags":{"PROJECT_NAME":"Ilpp"}}
{"ts":1765441147965,"action":"IDE_DEACTIVATED"}
{"ts":1765441159376,"action":"IDE_ACTIVATED"}
{"ts":1765441162707,"action":"PROJECT_CLOSED","tags":{"PROJECT_NAME":"Ilpp"}}
