{"ts":1733085828084,"action":"PROJECT_OPENED","tags":{"PROJECT_NAME":"Fries"}}
{"ts":1733085835470,"action":"FILE_OPENED","file":"/SeagullDK/Inspector/AButtonAttribute.cs","tags":{"FILE_LINE_OF_CODE":"12"}}
{"ts":1733085853007,"action":"FILE_CLOSED","file":"/SeagullDK/Inspector/AButtonAttribute.cs","tags":{"FILE_LINE_OF_CODE":"12"}}
{"ts":1733085853007,"action":"FILE_OPENED","file":"/SeagullDK/Inspector/AnInspector.cs","tags":{"FILE_LINE_OF_CODE":"79"}}
{"ts":1733085888936,"action":"FILE_CLOSED","file":"/SeagullDK/Inspector/AnInspector.cs","tags":{"FILE_LINE_OF_CODE":"79"}}
{"ts":1733085888936,"action":"FILE_OPENED","file":"/SeagullDK/Inspector/IgnoreInInspectorAttribute.cs","tags":{"FILE_LINE_OF_CODE":"8"}}
{"ts":1733085894504,"action":"FILE_CLOSED","file":"/SeagullDK/Inspector/IgnoreInInspectorAttribute.cs","tags":{"FILE_LINE_OF_CODE":"8"}}
{"ts":1733085894504,"action":"FILE_OPENED","file":"/SeagullDK/Inspector/KeyValuePairPropertyDrawer.cs","tags":{"FILE_LINE_OF_CODE":"41"}}
{"ts":1733085900450,"action":"FILE_CLOSED","file":"/SeagullDK/Inspector/KeyValuePairPropertyDrawer.cs","tags":{"FILE_LINE_OF_CODE":"41"}}
{"ts":1733085900450,"action":"FILE_OPENED","file":"/SeagullDK/Inspector/KiiValuePair.cs","tags":{"FILE_LINE_OF_CODE":"12"}}
{"ts":1733085907723,"action":"FILE_CLOSED","file":"/SeagullDK/Inspector/KiiValuePair.cs","tags":{"FILE_LINE_OF_CODE":"12"}}
{"ts":1733085907724,"action":"FILE_OPENED","file":"/SeagullDK/OrderedCode/OrderedScript.cs","tags":{"FILE_LINE_OF_CODE":"35"}}
{"ts":1733085911447,"action":"FILE_CLOSED","file":"/SeagullDK/OrderedCode/OrderedScript.cs","tags":{"FILE_LINE_OF_CODE":"35"}}
{"ts":1733085911447,"action":"FILE_OPENED","file":"/SeagullDK/OrderedCode/ScriptManager.cs","tags":{"FILE_LINE_OF_CODE":"69"}}
{"ts":1733085917325,"action":"FILE_CLOSED","file":"/SeagullDK/OrderedCode/ScriptManager.cs","tags":{"FILE_LINE_OF_CODE":"69"}}
{"ts":1733085917325,"action":"FILE_OPENED","file":"/SeagullDK/Pool/APool.cs","tags":{"FILE_LINE_OF_CODE":"70"}}
{"ts":1733085922647,"action":"FILE_CLOSED","file":"/SeagullDK/Pool/APool.cs","tags":{"FILE_LINE_OF_CODE":"70"}}
{"ts":1733085922647,"action":"FILE_OPENED","file":"/SeagullDK/Pool/CompPool.cs","tags":{"FILE_LINE_OF_CODE":"31"}}
{"ts":1733085925632,"action":"FILE_CLOSED","file":"/SeagullDK/Pool/CompPool.cs","tags":{"FILE_LINE_OF_CODE":"31"}}
{"ts":1733085925632,"action":"FILE_OPENED","file":"/SeagullDK/Pool/DictList.cs","tags":{"FILE_LINE_OF_CODE":"60"}}
{"ts":1733085929387,"action":"FILE_CLOSED","file":"/SeagullDK/Pool/DictList.cs","tags":{"FILE_LINE_OF_CODE":"60"}}
{"ts":1733085929387,"action":"FILE_OPENED","file":"/SeagullDK/Pool/PoolExt.cs","tags":{"FILE_LINE_OF_CODE":"9"}}
{"ts":1733085934370,"action":"FILE_CLOSED","file":"/SeagullDK/Pool/PoolExt.cs","tags":{"FILE_LINE_OF_CODE":"9"}}
{"ts":1733085934370,"action":"FILE_OPENED","file":"/SeagullDK/TaskPerformer/ParamedAction.cs","tags":{"FILE_LINE_OF_CODE":"25"}}
{"ts":1733085937322,"action":"FILE_CLOSED","file":"/SeagullDK/TaskPerformer/ParamedAction.cs","tags":{"FILE_LINE_OF_CODE":"25"}}
{"ts":1733085937322,"action":"FILE_OPENED","file":"/SeagullDK/TaskPerformer/TaskPerformer.cs","tags":{"FILE_LINE_OF_CODE":"69"}}
{"ts":1733085941531,"action":"FILE_CLOSED","file":"/SeagullDK/TaskPerformer/TaskPerformer.cs","tags":{"FILE_LINE_OF_CODE":"69"}}
{"ts":1733085941531,"action":"FILE_OPENED","file":"/SeagullDK/PrefabParameters.cs","tags":{"FILE_LINE_OF_CODE":"39"}}
{"ts":1733085946551,"action":"FILE_CLOSED","file":"/SeagullDK/PrefabParameters.cs","tags":{"FILE_LINE_OF_CODE":"39"}}
{"ts":1733085946551,"action":"FILE_OPENED","file":"/SeagullDK/VectorExt.cs","tags":{"FILE_LINE_OF_CODE":"571"}}
{"ts":1733085964374,"action":"FILE_CLOSED","file":"/Fries/VectorExt.cs","tags":{"FILE_LINE_OF_CODE":"571"}}
{"ts":1733085964374,"action":"FILE_OPENED","file":"/Fries/Inspector/AButtonAttribute.cs","tags":{"FILE_LINE_OF_CODE":"12"}}
{"ts":1733085967902,"action":"FILE_CLOSED","file":"/Fries/Inspector/AButtonAttribute.cs","tags":{"FILE_LINE_OF_CODE":"12"}}
{"ts":1733085967902,"action":"FILE_OPENED","file":"/Fries/TaskPerformer/TaskPerformer.cs","tags":{"FILE_LINE_OF_CODE":"69"}}
{"ts":1733085976551,"action":"IDE_DEACTIVATED"}
{"ts":1733086932995,"action":"IDE_ACTIVATED"}
{"ts":1733086944365,"action":"IDE_DEACTIVATED"}
